build/app/intermediates/manifest_merge_blame_file/debug/manifest-merger-blame-debug-report.txt
1<?xml version="1.0" encoding="utf-8"?>
2<manifest xmlns:android="http://schemas.android.com/apk/res/android"
3    package="com.maternio"
4    android:versionCode="1"
5    android:versionName="1.0.0" >
6
7    <uses-sdk
8        android:minSdkVersion="19"
9        android:targetSdkVersion="33" />
10    <!--
11         The INTERNET permission is required for development. Specifically,
12         the Flutter tool needs it to communicate with the running application
13         to allow setting breakpoints, to provide hot reload, etc.
14    -->
15    <uses-permission android:name="android.permission.INTERNET" />
15-->src/debug/AndroidManifest.xml:7:5-66
15-->src/debug/AndroidManifest.xml:7:22-64
16
17    <queries>
17-->[:flutter_inappwebview] AndroidManifest.xml:9:5-13:15
18        <intent>
18-->[:flutter_inappwebview] AndroidManifest.xml:10:9-12:18
19            <action android:name="android.support.customtabs.action.CustomTabsService" />
19-->[:flutter_inappwebview] AndroidManifest.xml:11:13-90
19-->[:flutter_inappwebview] AndroidManifest.xml:11:21-87
20        </intent>
21    </queries>
22
23    <uses-permission android:name="android.permission.CALL_PHONE" />
23-->[:flutter_phone_direct_caller] AndroidManifest.xml:9:5-69
23-->[:flutter_phone_direct_caller] AndroidManifest.xml:9:22-66
24
25    <uses-feature
25-->[:flutter_phone_direct_caller] AndroidManifest.xml:11:5-13:36
26        android:name="android.hardware.telephony"
26-->[:flutter_phone_direct_caller] AndroidManifest.xml:12:9-50
27        android:required="false" />
27-->[:flutter_phone_direct_caller] AndroidManifest.xml:13:9-33
28
29    <uses-permission android:name="android.permission.ACCESS_NETWORK_STATE" />
29-->[com.google.firebase:firebase-auth:21.1.0] AndroidManifest.xml:24:5-79
29-->[com.google.firebase:firebase-auth:21.1.0] AndroidManifest.xml:24:22-76
30
31    <application
32        android:name="android.app.Application"
33        android:appComponentFactory="androidx.core.app.CoreComponentFactory"
33-->[androidx.core:core:1.8.0] AndroidManifest.xml:24:18-86
34        android:debuggable="true"
35        android:icon="@mipmap/materniologo"
36        android:label="Maternio" >
37        <activity
38            android:name="com.example.maternio_1.MainActivity"
39            android:configChanges="orientation|keyboardHidden|keyboard|screenSize|smallestScreenSize|locale|layoutDirection|fontScale|screenLayout|density|uiMode"
40            android:exported="true"
41            android:hardwareAccelerated="true"
42            android:launchMode="singleTop"
43            android:theme="@style/LaunchTheme"
44            android:windowSoftInputMode="adjustResize" >
45
46            <!--
47                 Specifies an Android theme to apply to this Activity as soon as
48                 the Android process has started. This theme is visible to the user
49                 while the Flutter UI initializes. After that, this theme continues
50                 to determine the Window background behind the Flutter UI.
51            -->
52            <meta-data
53                android:name="io.flutter.embedding.android.NormalTheme"
54                android:resource="@style/NormalTheme" />
55
56            <intent-filter>
57                <action android:name="android.intent.action.MAIN" />
58
59                <category android:name="android.intent.category.LAUNCHER" />
60            </intent-filter>
61        </activity>
62        <!--
63             Don't delete the meta-data below.
64             This is used by the Flutter tool to generate GeneratedPluginRegistrant.java
65        -->
66        <meta-data
67            android:name="flutterEmbedding"
68            android:value="2" />
69
70        <service
70-->[:firebase_auth] AndroidManifest.xml:10:9-14:19
71            android:name="com.google.firebase.components.ComponentDiscoveryService"
71-->[:firebase_auth] AndroidManifest.xml:10:18-89
72            android:directBootAware="true"
72-->[com.google.firebase:firebase-common:20.3.0] AndroidManifest.xml:34:13-43
73            android:exported="false" >
73-->[com.google.firebase:firebase-auth:21.1.0] AndroidManifest.xml:66:13-37
74            <meta-data
74-->[:firebase_auth] AndroidManifest.xml:11:13-13:85
75                android:name="com.google.firebase.components:io.flutter.plugins.firebase.auth.FlutterFirebaseAuthRegistrar"
75-->[:firebase_auth] AndroidManifest.xml:12:17-124
76                android:value="com.google.firebase.components.ComponentRegistrar" />
76-->[:firebase_auth] AndroidManifest.xml:13:17-82
77            <meta-data
77-->[:firebase_storage] AndroidManifest.xml:11:13-13:85
78                android:name="com.google.firebase.components:io.flutter.plugins.firebase.storage.FlutterFirebaseAppRegistrar"
78-->[:firebase_storage] AndroidManifest.xml:12:17-126
79                android:value="com.google.firebase.components.ComponentRegistrar" />
79-->[:firebase_storage] AndroidManifest.xml:13:17-82
80            <meta-data
80-->[:cloud_firestore] AndroidManifest.xml:11:13-13:85
81                android:name="com.google.firebase.components:io.flutter.plugins.firebase.firestore.FlutterFirebaseFirestoreRegistrar"
81-->[:cloud_firestore] AndroidManifest.xml:12:17-134
82                android:value="com.google.firebase.components.ComponentRegistrar" />
82-->[:cloud_firestore] AndroidManifest.xml:13:17-82
83            <meta-data
83-->[:firebase_core] AndroidManifest.xml:11:13-13:85
84                android:name="com.google.firebase.components:io.flutter.plugins.firebase.core.FlutterFirebaseCoreRegistrar"
84-->[:firebase_core] AndroidManifest.xml:12:17-124
85                android:value="com.google.firebase.components.ComponentRegistrar" />
85-->[:firebase_core] AndroidManifest.xml:13:17-82
86            <meta-data
86-->[com.google.firebase:firebase-auth:21.1.0] AndroidManifest.xml:67:13-69:85
87                android:name="com.google.firebase.components:com.google.firebase.auth.FirebaseAuthRegistrar"
87-->[com.google.firebase:firebase-auth:21.1.0] AndroidManifest.xml:68:17-109
88                android:value="com.google.firebase.components.ComponentRegistrar" />
88-->[com.google.firebase:firebase-auth:21.1.0] AndroidManifest.xml:69:17-82
89            <meta-data
89-->[com.google.firebase:firebase-storage:20.1.0] AndroidManifest.xml:32:13-34:85
90                android:name="com.google.firebase.components:com.google.firebase.storage.StorageRegistrar"
90-->[com.google.firebase:firebase-storage:20.1.0] AndroidManifest.xml:33:17-107
91                android:value="com.google.firebase.components.ComponentRegistrar" />
91-->[com.google.firebase:firebase-storage:20.1.0] AndroidManifest.xml:34:17-82
92            <meta-data
92-->[com.google.firebase:firebase-firestore:24.4.3] AndroidManifest.xml:19:13-21:85
93                android:name="com.google.firebase.components:com.google.firebase.firestore.FirestoreRegistrar"
93-->[com.google.firebase:firebase-firestore:24.4.3] AndroidManifest.xml:20:17-111
94                android:value="com.google.firebase.components.ComponentRegistrar" />
94-->[com.google.firebase:firebase-firestore:24.4.3] AndroidManifest.xml:21:17-82
95        </service>
96
97        <activity
97-->[:flutter_inappwebview] AndroidManifest.xml:16:9-20:47
98            android:name="com.pichillilorenzo.flutter_inappwebview.in_app_browser.InAppBrowserActivity"
98-->[:flutter_inappwebview] AndroidManifest.xml:17:13-104
99            android:configChanges="orientation|keyboardHidden|keyboard|screenSize|locale|layoutDirection|fontScale|screenLayout|density"
99-->[:flutter_inappwebview] AndroidManifest.xml:18:13-137
100            android:exported="false"
100-->[:flutter_inappwebview] AndroidManifest.xml:19:13-37
101            android:theme="@style/AppTheme" />
101-->[:flutter_inappwebview] AndroidManifest.xml:20:13-44
102        <activity
102-->[:flutter_inappwebview] AndroidManifest.xml:21:9-24:55
103            android:name="com.pichillilorenzo.flutter_inappwebview.chrome_custom_tabs.ChromeCustomTabsActivity"
103-->[:flutter_inappwebview] AndroidManifest.xml:22:13-112
104            android:exported="false"
104-->[:flutter_inappwebview] AndroidManifest.xml:23:13-37
105            android:theme="@style/ThemeTransparent" />
105-->[:flutter_inappwebview] AndroidManifest.xml:24:13-52
106        <activity
106-->[:flutter_inappwebview] AndroidManifest.xml:25:9-28:55
107            android:name="com.pichillilorenzo.flutter_inappwebview.chrome_custom_tabs.TrustedWebActivity"
107-->[:flutter_inappwebview] AndroidManifest.xml:26:13-106
108            android:exported="false"
108-->[:flutter_inappwebview] AndroidManifest.xml:27:13-37
109            android:theme="@style/ThemeTransparent" />
109-->[:flutter_inappwebview] AndroidManifest.xml:28:13-52
110        <activity
110-->[:flutter_inappwebview] AndroidManifest.xml:29:9-33:55
111            android:name="com.pichillilorenzo.flutter_inappwebview.chrome_custom_tabs.ChromeCustomTabsActivitySingleInstance"
111-->[:flutter_inappwebview] AndroidManifest.xml:30:13-126
112            android:exported="false"
112-->[:flutter_inappwebview] AndroidManifest.xml:31:13-37
113            android:launchMode="singleInstance"
113-->[:flutter_inappwebview] AndroidManifest.xml:32:13-48
114            android:theme="@style/ThemeTransparent" />
114-->[:flutter_inappwebview] AndroidManifest.xml:33:13-52
115        <activity
115-->[:flutter_inappwebview] AndroidManifest.xml:34:9-38:55
116            android:name="com.pichillilorenzo.flutter_inappwebview.chrome_custom_tabs.TrustedWebActivitySingleInstance"
116-->[:flutter_inappwebview] AndroidManifest.xml:35:13-120
117            android:exported="false"
117-->[:flutter_inappwebview] AndroidManifest.xml:36:13-37
118            android:launchMode="singleInstance"
118-->[:flutter_inappwebview] AndroidManifest.xml:37:13-48
119            android:theme="@style/ThemeTransparent" />
119-->[:flutter_inappwebview] AndroidManifest.xml:38:13-52
120
121        <receiver
121-->[:flutter_inappwebview] AndroidManifest.xml:40:9-43:40
122            android:name="com.pichillilorenzo.flutter_inappwebview.chrome_custom_tabs.ActionBroadcastReceiver"
122-->[:flutter_inappwebview] AndroidManifest.xml:41:13-111
123            android:enabled="true"
123-->[:flutter_inappwebview] AndroidManifest.xml:42:13-35
124            android:exported="false" />
124-->[:flutter_inappwebview] AndroidManifest.xml:43:13-37
125
126        <meta-data
126-->[:flutter_inappwebview] AndroidManifest.xml:45:9-47:36
127            android:name="io.flutter.embedded_views_preview"
127-->[:flutter_inappwebview] AndroidManifest.xml:46:13-61
128            android:value="true" />
128-->[:flutter_inappwebview] AndroidManifest.xml:47:13-33
129
130        <activity
130-->[:url_launcher_android] AndroidManifest.xml:10:9-13:74
131            android:name="io.flutter.plugins.urllauncher.WebViewActivity"
131-->[:url_launcher_android] AndroidManifest.xml:11:13-74
132            android:exported="false"
132-->[:url_launcher_android] AndroidManifest.xml:12:13-37
133            android:theme="@android:style/Theme.NoTitleBar.Fullscreen" />
133-->[:url_launcher_android] AndroidManifest.xml:13:13-71
134
135        <uses-library
135-->[androidx.window:window:1.0.0-beta04] AndroidManifest.xml:25:9-27:40
136            android:name="androidx.window.extensions"
136-->[androidx.window:window:1.0.0-beta04] AndroidManifest.xml:26:13-54
137            android:required="false" />
137-->[androidx.window:window:1.0.0-beta04] AndroidManifest.xml:27:13-37
138        <uses-library
138-->[androidx.window:window:1.0.0-beta04] AndroidManifest.xml:28:9-30:40
139            android:name="androidx.window.sidecar"
139-->[androidx.window:window:1.0.0-beta04] AndroidManifest.xml:29:13-51
140            android:required="false" />
140-->[androidx.window:window:1.0.0-beta04] AndroidManifest.xml:30:13-37
141
142        <activity
142-->[com.google.firebase:firebase-auth:21.1.0] AndroidManifest.xml:27:9-44:20
143            android:name="com.google.firebase.auth.internal.GenericIdpActivity"
143-->[com.google.firebase:firebase-auth:21.1.0] AndroidManifest.xml:28:13-80
144            android:excludeFromRecents="true"
144-->[com.google.firebase:firebase-auth:21.1.0] AndroidManifest.xml:29:13-46
145            android:exported="true"
145-->[com.google.firebase:firebase-auth:21.1.0] AndroidManifest.xml:30:13-36
146            android:launchMode="singleTask"
146-->[com.google.firebase:firebase-auth:21.1.0] AndroidManifest.xml:31:13-44
147            android:theme="@android:style/Theme.Translucent.NoTitleBar" >
147-->[com.google.firebase:firebase-auth:21.1.0] AndroidManifest.xml:32:13-72
148            <intent-filter>
148-->[com.google.firebase:firebase-auth:21.1.0] AndroidManifest.xml:33:13-43:29
149                <action android:name="android.intent.action.VIEW" />
149-->[com.google.firebase:firebase-auth:21.1.0] AndroidManifest.xml:34:17-69
149-->[com.google.firebase:firebase-auth:21.1.0] AndroidManifest.xml:34:25-66
150
151                <category android:name="android.intent.category.DEFAULT" />
151-->[com.google.firebase:firebase-auth:21.1.0] AndroidManifest.xml:36:17-76
151-->[com.google.firebase:firebase-auth:21.1.0] AndroidManifest.xml:36:27-73
152                <category android:name="android.intent.category.BROWSABLE" />
152-->[com.google.firebase:firebase-auth:21.1.0] AndroidManifest.xml:37:17-78
152-->[com.google.firebase:firebase-auth:21.1.0] AndroidManifest.xml:37:27-75
153
154                <data
154-->[com.google.firebase:firebase-auth:21.1.0] AndroidManifest.xml:39:17-42:51
155                    android:host="firebase.auth"
155-->[com.google.firebase:firebase-auth:21.1.0] AndroidManifest.xml:40:21-49
156                    android:path="/"
156-->[com.google.firebase:firebase-auth:21.1.0] AndroidManifest.xml:41:21-37
157                    android:scheme="genericidp" />
157-->[com.google.firebase:firebase-auth:21.1.0] AndroidManifest.xml:42:21-48
158            </intent-filter>
159        </activity>
160        <activity
160-->[com.google.firebase:firebase-auth:21.1.0] AndroidManifest.xml:45:9-62:20
161            android:name="com.google.firebase.auth.internal.RecaptchaActivity"
161-->[com.google.firebase:firebase-auth:21.1.0] AndroidManifest.xml:46:13-79
162            android:excludeFromRecents="true"
162-->[com.google.firebase:firebase-auth:21.1.0] AndroidManifest.xml:47:13-46
163            android:exported="true"
163-->[com.google.firebase:firebase-auth:21.1.0] AndroidManifest.xml:48:13-36
164            android:launchMode="singleTask"
164-->[com.google.firebase:firebase-auth:21.1.0] AndroidManifest.xml:49:13-44
165            android:theme="@android:style/Theme.Translucent.NoTitleBar" >
165-->[com.google.firebase:firebase-auth:21.1.0] AndroidManifest.xml:50:13-72
166            <intent-filter>
166-->[com.google.firebase:firebase-auth:21.1.0] AndroidManifest.xml:51:13-61:29
167                <action android:name="android.intent.action.VIEW" />
167-->[com.google.firebase:firebase-auth:21.1.0] AndroidManifest.xml:34:17-69
167-->[com.google.firebase:firebase-auth:21.1.0] AndroidManifest.xml:34:25-66
168
169                <category android:name="android.intent.category.DEFAULT" />
169-->[com.google.firebase:firebase-auth:21.1.0] AndroidManifest.xml:36:17-76
169-->[com.google.firebase:firebase-auth:21.1.0] AndroidManifest.xml:36:27-73
170                <category android:name="android.intent.category.BROWSABLE" />
170-->[com.google.firebase:firebase-auth:21.1.0] AndroidManifest.xml:37:17-78
170-->[com.google.firebase:firebase-auth:21.1.0] AndroidManifest.xml:37:27-75
171
172                <data
172-->[com.google.firebase:firebase-auth:21.1.0] AndroidManifest.xml:39:17-42:51
173                    android:host="firebase.auth"
173-->[com.google.firebase:firebase-auth:21.1.0] AndroidManifest.xml:40:21-49
174                    android:path="/"
174-->[com.google.firebase:firebase-auth:21.1.0] AndroidManifest.xml:41:21-37
175                    android:scheme="recaptcha" />
175-->[com.google.firebase:firebase-auth:21.1.0] AndroidManifest.xml:42:21-48
176            </intent-filter>
177        </activity>
178        <activity
178-->[com.google.android.gms:play-services-auth:20.4.0] AndroidManifest.xml:23:9-27:75
179            android:name="com.google.android.gms.auth.api.signin.internal.SignInHubActivity"
179-->[com.google.android.gms:play-services-auth:20.4.0] AndroidManifest.xml:24:13-93
180            android:excludeFromRecents="true"
180-->[com.google.android.gms:play-services-auth:20.4.0] AndroidManifest.xml:25:13-46
181            android:exported="false"
181-->[com.google.android.gms:play-services-auth:20.4.0] AndroidManifest.xml:26:13-37
182            android:theme="@android:style/Theme.Translucent.NoTitleBar" />
182-->[com.google.android.gms:play-services-auth:20.4.0] AndroidManifest.xml:27:13-72
183        <!--
184            Service handling Google Sign-In user revocation. For apps that do not integrate with
185            Google Sign-In, this service will never be started.
186        -->
187        <service
187-->[com.google.android.gms:play-services-auth:20.4.0] AndroidManifest.xml:33:9-37:51
188            android:name="com.google.android.gms.auth.api.signin.RevocationBoundService"
188-->[com.google.android.gms:play-services-auth:20.4.0] AndroidManifest.xml:34:13-89
189            android:exported="true"
189-->[com.google.android.gms:play-services-auth:20.4.0] AndroidManifest.xml:35:13-36
190            android:permission="com.google.android.gms.auth.api.signin.permission.REVOCATION_NOTIFICATION"
190-->[com.google.android.gms:play-services-auth:20.4.0] AndroidManifest.xml:36:13-107
191            android:visibleToInstantApps="true" />
191-->[com.google.android.gms:play-services-auth:20.4.0] AndroidManifest.xml:37:13-48
192
193        <provider
193-->[com.google.firebase:firebase-common:20.3.0] AndroidManifest.xml:25:9-30:39
194            android:name="com.google.firebase.provider.FirebaseInitProvider"
194-->[com.google.firebase:firebase-common:20.3.0] AndroidManifest.xml:26:13-77
195            android:authorities="com.maternio.firebaseinitprovider"
195-->[com.google.firebase:firebase-common:20.3.0] AndroidManifest.xml:27:13-72
196            android:directBootAware="true"
196-->[com.google.firebase:firebase-common:20.3.0] AndroidManifest.xml:28:13-43
197            android:exported="false"
197-->[com.google.firebase:firebase-common:20.3.0] AndroidManifest.xml:29:13-37
198            android:initOrder="100" />
198-->[com.google.firebase:firebase-common:20.3.0] AndroidManifest.xml:30:13-36
199
200        <activity
200-->[com.google.android.gms:play-services-base:18.0.1] AndroidManifest.xml:20:9-22:45
201            android:name="com.google.android.gms.common.api.GoogleApiActivity"
201-->[com.google.android.gms:play-services-base:18.0.1] AndroidManifest.xml:20:19-85
202            android:exported="false"
202-->[com.google.android.gms:play-services-base:18.0.1] AndroidManifest.xml:22:19-43
203            android:theme="@android:style/Theme.Translucent.NoTitleBar" />
203-->[com.google.android.gms:play-services-base:18.0.1] AndroidManifest.xml:21:19-78
204
205        <meta-data
205-->[com.google.android.gms:play-services-basement:18.1.0] AndroidManifest.xml:21:9-23:69
206            android:name="com.google.android.gms.version"
206-->[com.google.android.gms:play-services-basement:18.1.0] AndroidManifest.xml:22:13-58
207            android:value="@integer/google_play_services_version" />
207-->[com.google.android.gms:play-services-basement:18.1.0] AndroidManifest.xml:23:13-66
208
209        <provider
209-->[androidx.emoji2:emoji2:1.2.0] AndroidManifest.xml:24:9-32:20
210            android:name="androidx.startup.InitializationProvider"
210-->[androidx.emoji2:emoji2:1.2.0] AndroidManifest.xml:25:13-67
211            android:authorities="com.maternio.androidx-startup"
211-->[androidx.emoji2:emoji2:1.2.0] AndroidManifest.xml:26:13-68
212            android:exported="false" >
212-->[androidx.emoji2:emoji2:1.2.0] AndroidManifest.xml:27:13-37
213            <meta-data
213-->[androidx.emoji2:emoji2:1.2.0] AndroidManifest.xml:29:13-31:52
214                android:name="androidx.emoji2.text.EmojiCompatInitializer"
214-->[androidx.emoji2:emoji2:1.2.0] AndroidManifest.xml:30:17-75
215                android:value="androidx.startup" />
215-->[androidx.emoji2:emoji2:1.2.0] AndroidManifest.xml:31:17-49
216            <meta-data
216-->[androidx.lifecycle:lifecycle-process:2.4.1] AndroidManifest.xml:31:13-33:52
217                android:name="androidx.lifecycle.ProcessLifecycleInitializer"
217-->[androidx.lifecycle:lifecycle-process:2.4.1] AndroidManifest.xml:32:17-78
218                android:value="androidx.startup" />
218-->[androidx.lifecycle:lifecycle-process:2.4.1] AndroidManifest.xml:33:17-49
219        </provider>
220    </application>
221
222</manifest>